<?xml version="1.0" encoding="UTF-8"?>
<testsuite xmlns:xsi="http://www.w3.org/2001/XMLSchema-instance" xsi:noNamespaceSchemaLocation="https://maven.apache.org/surefire/maven-surefire-plugin/xsd/surefire-test-report.xsd" name="com.scu.student.SchoolApplicationTests" time="6.13" tests="3" errors="0" skipped="0" failures="0">
  <properties>
[...]
</properties>
  <testcase name="testExam" classname="com.scu.student.SchoolApplicationTests" time="1.658"/>
  <testcase name="testCTable" classname="com.scu.student.SchoolApplicationTests" time="0.006"/>
  <testcase name="testStudent" classname="com.scu.student.SchoolApplicationTests" time="0.014"/>
</testsuite>